-------------------------------------------------------------------------------
Test set: com.freshworks.core.performance.TestPerformance
-------------------------------------------------------------------------------
Tests run: 2, Failures: 2, Errors: 0, Skipped: 0, Time elapsed: 6.504 s <<< FAILURE! - in com.freshworks.core.performance.TestPerformance
testTenMillionPayloadWhenChildNodeHasMoreDataThanParent  Time elapsed: 0.805 s  <<< FAILURE!
java.lang.AssertionError: 

Expected: is <1>
     but: was <-1>
	at com.freshworks.core.performance.TestPerformance.testTenMillionPayloadWhenChildNodeHasMoreDataThanParent(TestPerformance.java:76)

testTenMillionPayloadWhenParentNodeHasMoreDataThanChildNode  Time elapsed: 0.28 s  <<< FAILURE!
java.lang.AssertionError: 

Expected: is <1>
     but: was <-1>
	at com.freshworks.core.performance.TestPerformance.testTenMillionPayloadWhenParentNodeHasMoreDataThanChildNode(TestPerformance.java:109)

