<?xml version="1.0" encoding="UTF-8"?>
<testsuite xmlns:xsi="http://www.w3.org/2001/XMLSchema-instance" xsi:noNamespaceSchemaLocation="https://maven.apache.org/surefire/maven-surefire-plugin/xsd/surefire-test-report.xsd" name="com.freshworks.core.traverser.TestTraverserConfigService" time="0" tests="1" errors="0" skipped="1" failures="0">
  <properties>
[...]
</properties>
  <testcase name="com.freshworks.core.traverser.TestTraverserConfigService" classname="com.freshworks.core.traverser.TestTraverserConfigService" time="0">
    <skipped message="System property [spring.profiles.active] with value [four_zero_zero.performance.inmemory] does not match regular expression [.*\.unit\..*]"/>
  </testcase>
</testsuite>